<?xml version="1.0" encoding="UTF-8"?>
<testsuite name="SolutionTest" tests="1" skipped="0" failures="0" errors="0" timestamp="2022-07-06T03:04:54" hostname="bagseong-uui-MacBookAir.local" time="0.028">
  <properties/>
  <testcase name="solutionTest()" classname="SolutionTest" time="0.028"/>
  <system-out><![CDATA[(010)8765-4321
]]></system-out>
  <system-err><![CDATA[]]></system-err>
</testsuite>
